<?xml version="1.0" encoding="UTF-8"?>
<!-- Generated by org.testng.reporters.JUnitXMLReporter -->
<testsuite hostname="Saikrishna" ignored="1" name="Test" tests="2" failures="0" timestamp="08 Feb 2017 07:53:00 GMT" time="0.057" errors="0">
  <testcase name="testMethod1" time="0.008" classname="com.testng.annotations.testcases.TestDriver"/>
  <testcase name="testMethod3" time="0.002" classname="com.testng.annotations.testcases.TestDriver"/>
  <testcase name="testMethod2" time="0.0" classname="com.testng.annotations.testcases.TestDriver">
    <ignored/>
  </testcase> <!-- testMethod2 -->
</testsuite> <!-- Test -->
